<?xml version="1.0" encoding="UTF-8"?>
<testng-results ignored="0" total="1" passed="1" failed="0" skipped="0">
  <reporter-output>
  </reporter-output>
  <suite started-at="2023-07-17T23:10:34 IST" name="Default suite" finished-at="2023-07-17T23:11:42 IST" duration-ms="68360">
    <groups>
    </groups>
    <test started-at="2023-07-17T23:10:34 IST" name="Default test" finished-at="2023-07-17T23:11:42 IST" duration-ms="68360">
      <class name="com.testscenarios.Scenario3_DeletePriority">
        <test-method is-config="true" signature="beforeClass()[pri:0, instance:com.testscenarios.Scenario3_DeletePriority@7486b455]" started-at="2023-07-17T23:10:34 IST" name="beforeClass" finished-at="2023-07-17T23:10:50 IST" duration-ms="15529" status="PASS">
          <reporter-output>
          </reporter-output>
        </test-method> <!-- beforeClass -->
        <test-method signature="f()[pri:0, instance:com.testscenarios.Scenario3_DeletePriority@7486b455]" started-at="2023-07-17T23:10:50 IST" name="f" finished-at="2023-07-17T23:11:42 IST" duration-ms="52737" status="PASS">
          <reporter-output>
          </reporter-output>
        </test-method> <!-- f -->
        <test-method is-config="true" signature="afterClass()[pri:0, instance:com.testscenarios.Scenario3_DeletePriority@7486b455]" started-at="2023-07-17T23:11:42 IST" name="afterClass" finished-at="2023-07-17T23:11:42 IST" duration-ms="0" status="PASS">
          <reporter-output>
          </reporter-output>
        </test-method> <!-- afterClass -->
      </class> <!-- com.testscenarios.Scenario3_DeletePriority -->
    </test> <!-- Default test -->
  </suite> <!-- Default suite -->
</testng-results>
